TN:
SF:src/router.ts
FN:26,(anonymous_0)
FN:42,(anonymous_1)
FNF:2
FNH:2
FNDA:4,(anonymous_0)
FNDA:5,(anonymous_1)
DA:1,2
DA:2,2
DA:3,2
DA:4,2
DA:6,2
DA:9,2
DA:11,2
DA:18,2
DA:26,4
DA:33,2
DA:42,5
DA:52,2
DA:58,2
DA:64,2
LF:14
LH:14
BRF:0
BRH:0
end_of_record
TN:
SF:src/server.ts
FN:7,connectDB
FN:28,(anonymous_2)
FNF:2
FNH:2
FNDA:3,connectDB
FNDA:1,(anonymous_2)
DA:1,2
DA:2,2
DA:3,2
DA:4,2
DA:7,2
DA:8,3
DA:9,3
DA:10,2
DA:14,1
DA:18,2
DA:21,2
DA:24,2
DA:26,2
DA:28,2
DA:30,2
LF:15
LH:15
BRF:0
BRH:0
end_of_record
TN:
SF:src/config/db.ts
FNF:0
FNH:0
DA:1,2
DA:2,2
DA:4,2
DA:16,2
DA:21,2
LF:5
LH:5
BRF:0
BRH:0
end_of_record
TN:
SF:src/handlers/products.ts
FN:4,(anonymous_1)
FN:16,(anonymous_2)
FN:33,(anonymous_3)
FN:41,(anonymous_4)
FN:62,(anonymous_5)
FN:83,(anonymous_6)
FNF:6
FNH:6
FNDA:2,(anonymous_1)
FNDA:2,(anonymous_2)
FNDA:1,(anonymous_3)
FNDA:2,(anonymous_4)
FNDA:2,(anonymous_5)
FNDA:2,(anonymous_6)
DA:2,2
DA:4,2
DA:5,2
DA:10,2
DA:16,2
DA:17,2
DA:18,2
DA:20,2
DA:21,1
DA:24,1
DA:27,1
DA:33,2
DA:34,1
DA:35,1
DA:41,2
DA:42,2
DA:43,2
DA:45,2
DA:46,1
DA:49,1
DA:53,1
DA:54,1
DA:56,1
DA:62,2
DA:63,2
DA:64,2
DA:66,2
DA:67,1
DA:70,1
DA:74,1
DA:75,1
DA:77,1
DA:83,2
DA:84,2
DA:85,2
DA:87,2
DA:88,1
DA:91,1
DA:95,1
DA:96,1
LF:40
LH:40
BRDA:20,0,0,1
BRDA:45,1,0,1
BRDA:66,2,0,1
BRDA:87,3,0,1
BRF:4
BRH:4
end_of_record
TN:
SF:src/middleware/index.ts
FN:5,(anonymous_0)
FNF:1
FNH:1
FNDA:17,(anonymous_0)
DA:2,2
DA:5,2
DA:6,17
DA:8,17
DA:9,8
DA:12,8
DA:14,9
LF:7
LH:7
BRDA:8,0,0,8
BRF:1
BRH:1
end_of_record
TN:
SF:src/models/Product.model.ts
FNF:0
FNH:0
DA:1,3
DA:7,3
DA:11,3
DA:16,3
DA:22,3
DA:25,3
LF:6
LH:6
BRF:0
BRH:0
end_of_record
